<?xml version="1.0" encoding="UTF-8"?>
<!-- Generated by org.testng.reporters.JUnitXMLReporter -->
<testsuite ignored="4" hostname="dayalan-Latitude-E6430" failures="4" tests="4" name="Default test(failed)" time="0.17" errors="0" timestamp="2023-06-07T21:43:08 IST">
  <testcase classname="TVT.TVT.Title" name="tick" time="0.082">
    <failure type="java.lang.NullPointerException" message="Cannot invoke &amp;quot;org.openqa.selenium.WebDriver.findElement(org.openqa.selenium.By)&amp;quot; because &amp;quot;this.driver&amp;quot; is null">
      <![CDATA[java.lang.NullPointerException: Cannot invoke "org.openqa.selenium.WebDriver.findElement(org.openqa.selenium.By)" because "this.driver" is null
at TVT.TVT.Title.tick(Title.java:78)
at java.base/java.util.ArrayList.forEach(ArrayList.java:1511)
... Removed 25 stack frames]]>
    </failure>
  </testcase> <!-- tick -->
  <testcase classname="TVT.TVT.Title" name="compare" time="0.002">
    <failure type="java.lang.NullPointerException" message="Cannot invoke &amp;quot;org.openqa.selenium.WebDriver.findElement(org.openqa.selenium.By)&amp;quot; because &amp;quot;this.driver&amp;quot; is null">
      <![CDATA[java.lang.NullPointerException: Cannot invoke "org.openqa.selenium.WebDriver.findElement(org.openqa.selenium.By)" because "this.driver" is null
at TVT.TVT.Title.compare(Title.java:88)
at java.base/java.util.ArrayList.forEach(ArrayList.java:1511)
... Removed 25 stack frames]]>
    </failure>
  </testcase> <!-- compare -->
  <testcase classname="TVT.TVT.Title" name="check" time="0.002">
    <failure type="java.lang.NullPointerException" message="Cannot invoke &amp;quot;org.openqa.selenium.WebDriver.findElement(org.openqa.selenium.By)&amp;quot; because &amp;quot;this.driver&amp;quot; is null">
      <![CDATA[java.lang.NullPointerException: Cannot invoke "org.openqa.selenium.WebDriver.findElement(org.openqa.selenium.By)" because "this.driver" is null
at TVT.TVT.Title.check(Title.java:98)
at java.base/java.util.ArrayList.forEach(ArrayList.java:1511)
... Removed 25 stack frames]]>
    </failure>
  </testcase> <!-- check -->
  <testcase classname="TVT.TVT.Title" name="deviation" time="0.001">
    <failure type="java.lang.NullPointerException" message="Cannot invoke &amp;quot;org.openqa.selenium.WebDriver.findElement(org.openqa.selenium.By)&amp;quot; because &amp;quot;this.driver&amp;quot; is null">
      <![CDATA[java.lang.NullPointerException: Cannot invoke "org.openqa.selenium.WebDriver.findElement(org.openqa.selenium.By)" because "this.driver" is null
at TVT.TVT.Title.deviation(Title.java:108)
at java.base/java.util.ArrayList.forEach(ArrayList.java:1511)
... Removed 25 stack frames]]>
    </failure>
  </testcase> <!-- deviation -->
  <testcase classname="TVT.TVT.Title" name="login" time="0.0">
    <ignored/>
  </testcase> <!-- login -->
  <testcase classname="TVT.TVT.Title" name="OriginalUpload" time="0.0">
    <ignored/>
  </testcase> <!-- OriginalUpload -->
  <testcase classname="TVT.TVT.Title" name="CreateProject" time="0.0">
    <ignored/>
  </testcase> <!-- CreateProject -->
  <testcase classname="TVT.TVT.Title" name="CopyUpload" time="0.0">
    <ignored/>
  </testcase> <!-- CopyUpload -->
</testsuite> <!-- Default test(failed) -->
